<?xml version="1.0" encoding="UTF-8"?>
<!-- Generated by org.testng.reporters.JUnitXMLReporter -->
<testsuite ignored="2" hostname="Joy" failures="0" tests="1" name="Default test" time="17.846" errors="0" timestamp="2023-12-27T15:34:25 IST">
  <testcase classname="DemoWeb.BooksTest" name="books" time="1.803"/>
  <testcase classname="DemoWeb.BooksTest" name="addBooktoCart" time="0.0">
    <ignored/>
  </testcase> <!-- addBooktoCart -->
  <testcase classname="DemoWeb.BooksTest" name="dropDown" time="0.0">
    <ignored/>
  </testcase> <!-- dropDown -->
</testsuite> <!-- Default test -->
